0:100  0:100  MemLog inited, TSC freq: 2712393890
0:100  0:000  CPU was calibrated with RTC
0:100  0:000  
0:100  0:000  Now is 26.8.2018,  3:19:31 (GMT)
0:100  0:000  Starting Clover revision: 4586 on American Megatrends EFI
0:100  0:000  Build with: [Args: -D NO_GRUB_DRIVERS_EMBEDDED -t XCODE8 | -D NO_GRUB_DRIVERS_EMBEDDED -D USE_LOW_EBDA -a X64 -b RELEASE -t XCODE8 -n 5 | OS: 10.13.5 | XCODE: 9.4.1]
0:100  0:000  SelfDevicePath=PciRoot(0x0)\Pci(0x17,0x0)\Sata(0x2,0xFFFF,0x0)\HD(1,GPT,87625CFB-5896-464D-A313-932552108905,0x800,0x200000) @98421898
0:100  0:000  SelfDirPath = \EFI\BOOT
0:102  0:001  === [ Get Smbios ] ========================================
0:107  0:005  Type 16 Index = 0
0:107  0:000  Total Memory Slots Count = 4
0:107  0:000  Type 17 Index = 0
0:107  0:000  SmbiosTable.Type17->Speed = 2133MHz
0:107  0:000  SmbiosTable.Type17->Size = 4096MB
0:107  0:000  SmbiosTable.Type17->Bank/Device = BANK 0 ChannelA-DIMM0
0:107  0:000  SmbiosTable.Type17->Vendor = SK Hynix
0:107  0:000  SmbiosTable.Type17->SerialNumber = 00000000
0:107  0:000  SmbiosTable.Type17->PartNumber = HMA851S6AFR6N-TF    
0:107  0:000  Type 17 Index = 1
0:107  0:000  Ignoring insane frequency value 0MHz
0:107  0:000  SmbiosTable.Type17->Speed = 0MHz
0:107  0:000  SmbiosTable.Type17->Size = 0MB
0:107  0:000  SmbiosTable.Type17->Bank/Device = BANK 1 ChannelA-DIMM1
0:107  0:000  SmbiosTable.Type17->Vendor = <null string>
0:107  0:000  SmbiosTable.Type17->SerialNumber = <null string>
0:107  0:000  SmbiosTable.Type17->PartNumber = <null string>
0:107  0:000  Type 17 Index = 2
0:107  0:000  SmbiosTable.Type17->Speed = 2133MHz
0:107  0:000  SmbiosTable.Type17->Size = 4096MB
0:107  0:000  SmbiosTable.Type17->Bank/Device = BANK 2 ChannelB-DIMM0
0:107  0:000  SmbiosTable.Type17->Vendor = SK Hynix
0:107  0:000  SmbiosTable.Type17->SerialNumber = 00000000
0:107  0:000  SmbiosTable.Type17->PartNumber = HMA851S6AFR6N-TF    
0:107  0:000  Type 17 Index = 3
0:107  0:000  Ignoring insane frequency value 0MHz
0:107  0:000  SmbiosTable.Type17->Speed = 0MHz
0:107  0:000  SmbiosTable.Type17->Size = 0MB
0:107  0:000  SmbiosTable.Type17->Bank/Device = BANK 3 ChannelB-DIMM1
0:107  0:000  SmbiosTable.Type17->Vendor = <null string>
0:107  0:000  SmbiosTable.Type17->SerialNumber = <null string>
0:107  0:000  SmbiosTable.Type17->PartNumber = <null string>
0:107  0:000  Boot status=0
0:107  0:000  Running on: 'UX430UA' with board 'UX430UA'
0:107  0:000  === [ GetCPUProperties ] ==================================
0:107  0:000  CPU Vendor = 756E6547 Model=806E9
0:107  0:000   The CPU supported SSE4.1
0:107  0:000  BrandString = Intel(R) Core(TM) i5-7200U CPU @ 2.50GHz
0:107  0:000   The CPU supported turbo
0:107  0:000  MSR 0x35               20004
0:107  0:000   TSC/CCC Information Leaf:
0:107  0:000    numerator     : 226
0:107  0:000    denominator   : 2
0:107  0:000   Calibrated ARTFrequency: 24003485
0:107  0:000  MSR 0xE2 before patch 1E008008
0:107  0:000  MSR 0xE2 is locked, PM patches will be turned on
0:107  0:000  MSR 0xCE              0004043D_F1011B00
0:107  0:000  corrected FLEX_RATIO = 0
0:107  0:000  MSR 0x1B0             00000000
0:107  0:000  FSBFrequency = 89 MHz, DMI FSBFrequency = 100 MHz, Corrected FSBFrequency = 100 MHz
0:107  0:000  MaxDiv/MinDiv: 27.0/4
0:107  0:000  Turbo: 31/31/31/31
0:107  0:000  Features: 0xBFEBFBFF
0:107  0:000  Threads: 4
0:107  0:000  Cores: 2
0:107  0:000  FSB: 100 MHz
0:107  0:000  CPU: 2400 MHz
0:107  0:000  TSC: 2400 MHz
0:107  0:000  PIS: 100 MHz
0:107  0:000  ExternalClock: 25 MHz
0:107  0:000  === [ GetDevices ] ========================================
0:107  0:000  PCI (00|00:00.00) : 8086 5904 class=060000
0:107  0:000  PCI (00|00:02.00) : 8086 5916 class=030000
0:107  0:000   - GFX: Model=Intel HD Graphics 620 (Intel)
0:107  0:000  PCI (00|00:04.00) : 8086 1903 class=118000
0:107  0:000  PCI (00|00:14.00) : 8086 9D2F class=0C0330
0:107  0:000  PCI (00|00:14.02) : 8086 9D31 class=118000
0:107  0:000  PCI (00|00:15.00) : 8086 9D60 class=118000
0:107  0:000  PCI (00|00:15.01) : 8086 9D61 class=118000
0:107  0:000  PCI (00|00:16.00) : 8086 9D3A class=078000
0:107  0:000  PCI (00|00:17.00) : 8086 9D03 class=010601
0:107  0:000  PCI (00|00:1C.00) : 8086 9D10 class=060400
0:107  0:000  PCI (00|00:1C.05) : 8086 9D15 class=060400
0:107  0:000  PCI (00|02:00.00) : 14E4 43B1 class=028000
0:107  0:000   - WIFI: Vendor=Broadcom
0:107  0:000  PCI (00|00:1F.00) : 8086 9D58 class=060100
0:107  0:000  PCI (00|00:1F.02) : 8086 9D21 class=058000
0:107  0:000  PCI (00|00:1F.03) : 8086 9D71 class=040300
0:107  0:000  PCI (00|00:1F.04) : 8086 9D23 class=0C0500
0:107  0:000  === [ GetDefaultSettings ] ================================
0:107  0:000  Clover load options size = 0 bytes
0:117  0:010  EFI\CLOVER\config.plist loaded: Success
0:123  0:005  === [ GetListOfThemes ] ===================================
0:124  0:001  - [00]: metal
0:127  0:003  - [01]: mlcamp
0:131  0:003  - [02]: BGM
0:135  0:003  - [03]: random
0:139  0:003  - [03]: bluemac
0:142  0:003  - [04]: applestyle
0:145  0:003  - [05]: embedded
0:149  0:003  - [05]: mac
0:153  0:004  === [ Found config plists ] ===============================
0:154  0:001  - config.plist
0:156  0:001  === [ GetEarlyUserSettings ] ==============================
0:156  0:000  timeout set to 2
0:156  0:000  Custom boot CUSTOM_BOOT_DISABLED (0x0)
0:156  0:000  FakeCPUID: 406E3
0:156  0:000  ForceKextsToLoad: 1 requested
0:156  0:000   - [0]: System\Library\Extensions\IONetworkingFamily.kext
0:156  0:000  KextsToPatch: 9 requested
0:156  0:000   - [00]: com.apple.driver.AppleIntelKBLGraphicsFramebuffer (0x591b0000, 19MB framebuffer 9MB cursor bytes (credit RehabMan)) :: BinPatch :: data len: 8
0:156  0:000   - [01]: com.apple.driver.AppleIntelKBLGraphicsFramebuffer (0x591b0000, 0105 instead of 0306, HDMI) :: BinPatch :: data len: 36
0:156  0:000   - patch disabled at config
0:156  0:000   - [02]: AirPortBrcm4360 (AirPortBrcm4360 - fcvo) :: BinPatch :: data len: 8
0:156  0:000   - [03]: IOBluetoothFamily (10.11.dp1+ BT4LE-Handoff-Hotspot, credit RehabMan based on Dokterdok original) :: BinPatch :: data len: 8
0:156  0:000   - [04]: com.apple.driver.AppleBacklight (change F%uT%04x to F%uTxxxx in AppleBacklightInjector.kext (credit RehabMan)) :: BinPatch :: data len: 9
0:156  0:000   - [05]: IONVMeFamily (IONVMeFamily Pike R. Alpha Patch#17 (Sierra)) :: BinPatch :: data len: 16
0:156  0:000   - [06]: com.apple.iokit.IOGraphicsFamily (Boot graphics glitch, 10.13 beta (based on denskop patch)) :: MatchOS: 10.13.x :: BinPatch :: data len: 5
0:156  0:000   - [07]: com.apple.driver.usb.AppleUSBXHCI (USB 10.13.4+ by PMHeart) :: MatchOS: 10.13.x :: BinPatch :: data len: 10
0:156  0:000   - [08]: AppleHDA (Patching 11d4198b with 14f11f72 codec (patched by AppleHDA Patcher.app)) :: BinPatch :: data len: 4
0:156  0:000  KernelToPatch: 3 requested
0:156  0:000   - [00]: MSR 0xE2 _xcpm_idle instant reboot(c) Pike R. Alpha :: MatchOS: 10.12.x,10.11.x :: data len: 8
0:156  0:000   - [01]: Disable panic kext logging on 10.13 debug kernel (credit Vandroiy) :: MatchOS: 10.13.x :: data len: 6
0:156  0:000   - [02]: Disable panic kext logging on 10.13 release kernel (credit Vandroiy) :: MatchOS: 10.13.x :: data len: 6
0:156  0:000  Default theme: mac
0:156  0:000  Hiding entries with string Preboot
0:156  0:000  Hiding entries with string Recovery
0:156  0:000  ** Warning: unknown custom entry Type 'Other'
0:156  0:000  === [ LoadDrivers ] =======================================
0:158  0:001  Loading AppleImageCodec-64.efi  status=Success
0:165  0:007  Loading AppleUITheme-64.efi  status=Success
0:172  0:006  Loading DataHubDxe-64.efi  status=Success
0:180  0:007  Loading AppleKeyAggregator-64.efi  status=Success
0:186  0:005  Loading apfs.efi  status=Success
0:200  0:014   - driver needs connecting
0:200  0:000  Loading FSInject-64.efi  status=Success
0:208  0:007  Loading OsxFatBinaryDrv-64.efi  status=Success
0:214  0:006  Loading XhciDxe-64.efi  status=Success
0:222  0:007   - driver needs connecting
0:222  0:000  Loading PartitionDxe-64.efi  status=Success
0:228  0:006   - driver needs connecting
0:228  0:000  Loading OsxAptioFix2Drv-64.efi  status=Success
0:244  0:016  Loading EmuVariableUefi-64.efi  status=Success
0:251  0:006  EmuVariableUefi Initialize: VariableCommonInitialize = Success, orig services stored, install gEmuVariableControlProtocolGuid = Success
0:251  0:000  Loading HFSPlus.efi  status=Success
0:257  0:006   - driver needs connecting
0:257  0:000  Loading FirmwareVolume-64.efi  status=Success
0:263  0:005  Loading CsmVideoDxe-64.efi  status=Success
0:270  0:006   - driver needs connecting
0:270  0:000  Loading SMCHelper-64.efi  status=Success
0:276  0:006  5 drivers needs connecting ...
0:276  0:000  PlatformDriverOverrideProtocol not found. Installing ... Success
0:276  0:000  Partition driver loaded: 
0:276  0:000  HFS+ driver loaded
0:276  0:000  APFS driver loaded
0:277  0:000  Video driver loaded: disconnect Success
0:686  0:409  Searching for invalid DiskIo BY_DRIVER connects: not found, all ok
2:456  1:769  EmuVariable InstallEmulation: orig vars copied, emu.var.services installed, CreateEvent VirtualAddressChange = Success, CreateEvent ExitBootServices = Success, set Status=Success
2:537  0:081  === [ InitScreen ] ========================================
2:537  0:000  SetScreenResolution: 1920x1080 - already set
2:537  0:000  Console modes reported: 4, available modes:
2:537  0:000   - [01]: 80x25 (current mode)
2:537  0:000   - [02]: 80x50
2:537  0:000   - [03]: 100x31
2:537  0:000   - [04]: 240x56
2:537  0:000  reinit: self device path=PciRoot(0x0)\Pci(0x17,0x0)\Sata(0x2,0xFFFF,0x0)\HD(1,GPT,87625CFB-5896-464D-A313-932552108905,0x800,0x200000)
2:539  0:002  Using embedded font: Success
2:540  0:000  === [ GetMacAddress ] =====================================
2:540  0:000   get legacy LAN MAC, 0 card found
2:540  0:000  === [ ScanSPD ] ===========================================
2:540  0:000  SMBus device : 8086 9D23 class=0C0500 status=Success
2:540  0:000  SMBus CmdReg: 0x3
2:540  0:000  Scanning SMBus [8086:9D23], mmio: 0xEF332004, ioport: 0xF040, hostc: 0x11
2:540  0:000  Slots to scan [8]...
2:541  0:001  === [ GetAcpiTablesList ] =================================
2:551  0:009  Get Acpi Tables List from RSDT:
2:551  0:000   - [00]: FACP  Notebook len=132
2:551  0:000   - [01]: APIC  Notebook len=132
2:551  0:000   - [02]: FPDT  Notebook len=68
2:551  0:000   - [03]: FIDT  Notebook len=156
2:551  0:000   - [04]: ECDT  Notebook len=193
2:551  0:000   - [05]: MCFG  Notebook len=60
2:551  0:000   - [06]: SSDT  SataTabl len=857
2:551  0:000   - [07]: SSDT  DptfTabl len=24963
2:551  0:000   - [08]: SSDT  SaSsdt  len=12615
2:551  0:000   - [09]: HPET  KBL-ULT len=56
2:551  0:000   - [10]: UEFI  Notebook len=66
2:551  0:000   - [11]: SSDT  CpuSsdt len=3806
2:551  0:000   - [12]: LPIT  KBL-ULT len=148
2:551  0:000   - [13]: SSDT  HdaDsp len=321
2:551  0:000   - [14]: SSDT  sensrhub len=671
2:551  0:000   - [15]: SSDT  TbtTypeC len=1303
2:551  0:000   - [16]: DBGP   len=52
2:551  0:000   - [17]: DBG2   len=84
2:551  0:000   - [18]: DMAR  KBL  len=240
2:551  0:000   - [19]: BGRT  Notebook len=56
2:551  0:000   - [20]: TPM2  Notebook len=52
2:551  0:000   - [21]: WSMT  Notebook len=40
2:551  0:000  Calibrated TSC Frequency = 2712393890 = 2712MHz
2:552  0:000  === [ GetUserSettings ] ===================================
2:552  0:000  USB FixOwnership: no
2:552  0:000  Dropping 3 tables:
2:552  0:000   - [00]: Drop table  signature="#MCF" (46434D23)
2:552  0:000           - set table: 46434D23,                0 to drop: no
2:552  0:000   - [01]: Drop table  signature="DMAR" (52414D44)
2:552  0:000           - set table: 52414D44,                0 to drop: yes
2:552  0:000   - [02]: Drop table  signature="SSDT" (54445353) table-id="xh_rvp10" (30317076725F6878)
2:552  0:000           - set table: 54445353, 30317076725F6878 to drop: no
2:552  0:000   - final DSDT Fix mask=00000000
2:552  0:000  PatchesDSDT: 12 requested
2:552  0:000   - [00]: (change OSID to XSID (to avoid match against _OSI XOSI patch)) lenToFind: 4, lenToReplace: 4, Target Bridge: <null string>
2:552  0:000    patch disabled at config
2:552  0:000   - [01]: (change _OSI to XOSI) lenToFind: 4, lenToReplace: 4, Target Bridge: <null string>
2:552  0:000    patch disabled at config
2:552  0:000   - [02]: (change _DSM to XDSM) lenToFind: 4, lenToReplace: 4, Target Bridge: <null string>
2:552  0:000    patch disabled at config
2:552  0:000   - [03]: (change EC0 to EC) lenToFind: 4, lenToReplace: 4, Target Bridge: <null string>
2:552  0:000   - [04]: (change H_EC to EC) lenToFind: 4, lenToReplace: 4, Target Bridge: <null string>
2:552  0:000    patch disabled at config
2:552  0:000   - [05]: (change ECDV to EC) lenToFind: 4, lenToReplace: 4, Target Bridge: <null string>
2:552  0:000    patch disabled at config
2:552  0:000   - [06]: (change HECI to IMEI) lenToFind: 4, lenToReplace: 4, Target Bridge: <null string>
2:552  0:000   - [07]: (change MEI to IMEI) lenToFind: 4, lenToReplace: 4, Target Bridge: <null string>
2:552  0:000   - [08]: (change GFX0 to IGPU) lenToFind: 4, lenToReplace: 4, Target Bridge: <null string>
2:552  0:000   - [09]: (change PCI0.VID to IGPU #1 (Thinkpad)) lenToFind: 8, lenToReplace: 8, Target Bridge: <null string>
2:552  0:000   - [10]: (change PCI0.VID to IGPU #2 (Thinkpad)) lenToFind: 14, lenToReplace: 14, Target Bridge: <null string>
2:552  0:000   - [11]: (change HDAS to HDEF) lenToFind: 4, lenToReplace: 4, Target Bridge: <null string>
2:552  0:000  PluginType: 1
2:552  0:000  Using ProductName from config: MacBookPro14,1
2:552  0:000  Using latest BiosVersion from clover
2:552  0:000  BiosVersion: MBP141.88Z.0175.B00.1804091553
2:552  0:000  BiosReleaseDate: 04/09/2018
2:552  0:000  Using FirmwareFeatures from config: 0xFC0FE136
2:552  0:000  Using FirmwareFeaturesMask from config: 0xFF1FFF3F
2:552  0:000  Board-ID set from config as Mac-B4831CEBD52A0C4C
2:552  0:000  BoardType: 0xA
2:552  0:000  ChassisType: 0x9
2:552  0:000  Converted CustomUUID C4FB2124-583D-4639-A0EB-960E1E4437A4
2:554  0:002  === [ Found DSDT tables ] =================================
2:555  0:001  - DSDT copy.aml
2:556  0:001  - DSDT.aml
8:564  6:007  === [ ScanVolumes ] =======================================
8:564  0:000  Found 9 volumes with blockIO
8:564  0:000  - [00]: Volume: PciRoot(0x0)\Pci(0x17,0x0)\Sata(0x2,0xFFFF,0x0)
8:564  0:000          Result of bootcode detection: bootable Linux (grub,linux)
8:564  0:000  - [01]: Volume: PciRoot(0x0)\Pci(0x17,0x0)\Sata(0x2,0xFFFF,0x0)\HD(1,GPT,87625CFB-5896-464D-A313-932552108905,0x800,0x200000)
8:565  0:000          Result of bootcode detection: bootable Windows (vista,win)
8:568  0:002          This is SelfVolume !!
8:568  0:000  - [02]: Volume: PciRoot(0x0)\Pci(0x17,0x0)\Sata(0x2,0xFFFF,0x0)\HD(2,GPT,71AA2D03-1DF1-4706-B0F9-CC9B3B97B5A7,0x200800,0x163BD148)
8:568  0:000          Result of bootcode detection: bootable unknown (legacy)
8:568  0:000  - [03]: Volume: PciRoot(0x0)\Pci(0x17,0x0)\Sata(0x2,0xFFFF,0x0)\HD(3,GPT,00000E41-2EB0-6BD6-D0E6-DF17821C0000,0x165BE000,0x7613800)
8:569  0:000          Result of bootcode detection: bootable Windows (vista,win)
8:569  0:000  - [04]: Volume: PciRoot(0x0)\Pci(0x17,0x0)\Sata(0x2,0xFFFF,0x0)\HD(4,GPT,00001AF7-B410-6DC6-D01E-FD1DEE350000,0x1DBD1800,0x121800)
8:570  0:000          Result of bootcode detection: bootable Windows (vista,win)
8:570  0:000  - [05]: Volume: PciRoot(0x0)\Pci(0x17,0x0)\Sata(0x2,0xFFFF,0x0)\HD(2,GPT,71AA2D03-1DF1-4706-B0F9-CC9B3B97B5A7,0x200800,0x163BD148)\VenMedia(BE74FCF7-0B7C-49F3-9147-01F4042E6842,5EEE7C7B5CC31D418B9B785366FEF5CB)
8:570  0:000          hiding this volume
8:570  0:000  - [06]: Volume: PciRoot(0x0)\Pci(0x17,0x0)\Sata(0x2,0xFFFF,0x0)\HD(2,GPT,71AA2D03-1DF1-4706-B0F9-CC9B3B97B5A7,0x200800,0x163BD148)\VenMedia(BE74FCF7-0B7C-49F3-9147-01F4042E6842,C188B02E10D6D745B6F2C3E451E51065)
8:570  0:000  - [07]: Volume: PciRoot(0x0)\Pci(0x17,0x0)\Sata(0x2,0xFFFF,0x0)\HD(2,GPT,71AA2D03-1DF1-4706-B0F9-CC9B3B97B5A7,0x200800,0x163BD148)\VenMedia(BE74FCF7-0B7C-49F3-9147-01F4042E6842,A725E731D2898F43A260EADCF3283B0D)
8:570  0:000          hiding this volume
8:570  0:000  - [08]: Volume: PciRoot(0x0)\Pci(0x17,0x0)\Sata(0x2,0xFFFF,0x0)\HD(2,GPT,71AA2D03-1DF1-4706-B0F9-CC9B3B97B5A7,0x200800,0x163BD148)\VenMedia(BE74FCF7-0B7C-49F3-9147-01F4042E6842,7EBB74B4C798E643887DCE0A1F66D54A)
8:573  0:003  Loading nvram.plist from Vol 'EFI' - loaded, size=2404
8:603  0:030  === [ PutNvramPlistToRtVars ] =============================
8:603  0:000   Adding Key: AsusKeyboardBackLightLvl: Size = 1, Data: 01 
8:603  0:000   Adding Key: Clover.KeepBackupLimit: Size = 1, Data: 30 
8:603  0:000   Adding Key: Clover.MountEFI: Size = 3, Data: 59 65 73 
8:603  0:000   Adding Key: Clover.NVRamDisk: Size = 3, Data: 59 65 73 
8:603  0:000   Adding Key: EFILoginHiDPI: Size = 4, Data: 00 00 00 00 
8:603  0:000   Skipping EmuVariableUefiPresent
8:603  0:000   Adding Key: LocationServicesEnabled: Size = 1, Data: 01 
8:603  0:000   Adding Key: SystemAudioVolume: Size = 1, Data: 30 
8:604  0:000   Adding Key: SystemAudioVolumeDB: Size = 1, Data: F6 
8:604  0:000   Adding Key: backlight-level: Size = 2, Data: 54 03 
8:604  0:000   Adding Key: bluetoothActiveControllerInfo: Size = 16, Data: 6F 21 5C 0A 00 00 00 00 80 14 18 4F 32 F3 F5 74 
8:604  0:000   Adding Key: csr-active-config: Size = 4, Data: 67 00 00 00 
8:604  0:000   Adding Key: fakesmc-key-#KEY-ui32: Size = 4, Data: 00 00 00 11 
8:604  0:000   Adding Key: fakesmc-key-$Adr-ui32: Size = 4, Data: 00 00 03 00 
8:604  0:000   Adding Key: fakesmc-key-$Num-ui8: Size = 1, Data: 01 
8:604  0:000   Adding Key: fakesmc-key-BATP-flag: Size = 1, Data: 00 
8:604  0:000   Adding Key: fakesmc-key-BBIN-ui8: Size = 1, Data: 01 
8:604  0:000   Adding Key: fakesmc-key-BEMB-flag: Size = 1, Data: 01 
8:604  0:000   Adding Key: fakesmc-key-BNum-ui8: Size = 1, Data: 01 
8:604  0:000   Adding Key: fakesmc-key-EPCI-ui32: Size = 4, Data: 09 B0 F0 00 
8:604  0:000   Adding Key: fakesmc-key-MSAc-ui16: Size = 2, Data: 00 00 
8:604  0:000   Adding Key: fakesmc-key-MSFW-ui8: Size = 2, Data: 01 00 
8:604  0:000   Adding Key: fakesmc-key-MSPS-ui16: Size = 2, Data: 00 03 
8:604  0:000   Adding Key: fakesmc-key-MSTc-ui8: Size = 1, Data: 00 
8:604  0:000   Adding Key: fakesmc-key-MSWr-ui8: Size = 1, Data: 00 
8:604  0:000   Adding Key: fakesmc-key-RBr -ch8*: Size = 8, Data: 32 30 31 37 6D 62 70 00 
8:604  0:000   Adding Key: fakesmc-key-REV -ch8*: Size = 6, Data: 02 43 0F 00 00 06 
8:604  0:000   Adding Key: fakesmc-key-RMde-char: Size = 1, Data: 41 
8:604  0:000   Adding Key: fakesmc-key-RPlt-ch8*: Size = 8, Data: 6A 31 33 30 61 00 00 00 
8:604  0:000   Adding Key: flagstate: Size = 32, Data: 00 00 00 00 00 00 00 00 00 00 00 00 00 00 00 00 00 00 00 00 00 00 00 00 00 00 00 00 00 00 00 00 
8:604  0:000   Adding Key: fmm-computer-name: Size = 18, Data: 56 75 E2 80 99 73 20 4D 61 63 42 6F 6F 6B 20 50 72 6F 
8:604  0:000   Adding Key: platform-uuid: Size = 16, Data: C4 FB 21 24 58 3D 46 39 A0 EB 96 0E 1E 44 37 A4 
8:604  0:000   Adding Key: prev-lang:kbd: Size = 4, Data: 65 6E 3A 30 
8:604  0:000   Adding Key: security-mode: String: Size = 4, Val = 'none'
8:604  0:000   Adding Key: specialbootdevice: Size = 110, Data: 02 01 0C 00 D0 41 03 0A 00 00 00 00 01 01 06 00 00 17 03 12 0A 00 02 00 FF FF 00 00 04 01 2A 00 02 00 00 00 00 08 20 00 00 00 00 00 48 D1 3B 16 00 00 00 00 03 2D AA 71 F1 1D 06 47 B0 F9 CC 9B 3B 97 B5 A7 02 02 04 03 24 00 F7 FC 74 BE 7C 0B F3 49 91 47 01 F4 04 2E 68 42 C1 88 B0 2E 10 D6 D7 45 B6 F2 C3 E4 51 E5 10 65 7F FF 04 00 
8:604  0:000  === [ InitTheme ] =========================================
8:619  0:015  Using theme 'mac' (EFI\CLOVER\themes\mac)
8:626  0:006  Loading font from ThemeDir: Success
8:626  0:000  Chosen theme mac
8:626  0:000  after NVRAM boot-args=dart=0 nv_disable=1 kext-dev-mode=1 -disablegfxfirmware
8:626  0:000  === [ Dump SMC keys from NVRAM ] ==========================
8:626  0:000  found AppleSMC protocol
8:626  0:000  Registered 17 SMC keys
8:626  0:000  === [ AddCustomEntries ] ==================================
8:626  0:000  Custom entry 0 skipped because it is disabled.
8:626  0:000  === [ ScanLoader ] ========================================
8:626  0:000  - [01]: 'EFI'
8:635  0:008          AddLoaderEntry for Volume Name=EFI
8:635  0:000      Not match custom entry 0: Type: not match
8:703  0:068          AddLoaderEntry for Volume Name=EFI
8:703  0:000          skipped because entry is hidden
8:703  0:000  - [05]: 'Preboot', hidden
8:703  0:000  - [06]: 'macOS'
8:768  0:065          AddLoaderEntry for Volume Name=macOS
8:768  0:000      Not match custom entry 0: Type: not match
8:785  0:017      hibernated: set as never
8:856  0:071  - [07]: 'Recovery', hidden
8:856  0:000  - [08]: 'VM'
8:899  0:043  === [ AddCustomTool ] =====================================
8:903  0:003  found tool \EFI\CLOVER\tools\Shell64U.efi
8:903  0:000  Checking EFI partition Volume 1 for Clover
8:906  0:003   Found Clover
8:909  0:002  EmuVariable UninstallEmulation: CloseEvent = Success, original var services restored
8:918  0:009  EmuVariable InstallEmulation: orig vars copied, emu.var.services installed, CreateEvent VirtualAddressChange = Success, CreateEvent ExitBootServices = Success, set Status=Success
9:000  0:081  === [ GetEfiBootDeviceFromNvram ] =========================
9:000  0:000   - found entry 1. 'Boot macOS from macOS', Volume 'macOS', DevicePath 'PciRoot(0x0)\Pci(0x17,0x0)\Sata(0x2,0xFFFF,0x0)\HD(2,GPT,71AA2D03-1DF1-4706-B0F9-CC9B3B97B5A7,0x200800,0x163BD148)\VenMedia(BE74FCF7-0B7C-49F3-9147-01F4042E6842,C188B02E10D6D745B6F2C3E451E51065)\System\Library\CoreServices\boot.efii'
9:000  0:000  EmuVariable UninstallEmulation: CloseEvent = Success, original var services restored
9:000  0:000  DefaultIndex=1 and MainMenu.EntryCount=8
9:611  0:610  GUI ready
